Running: /soft64/xilinx/ferramentas/ISE/14.7/ISE_DS/ISE/bin/lin64/unwrapped/fuse -intstyle ise -incremental -o /home/17111178/Pucrs/LabOrg/T2A/transmissor/transmissor_tb_isim_beh.exe -prj /home/17111178/Pucrs/LabOrg/T2A/transmissor/transmissor_tb_beh.prj work.transmissor_tb 
ISim P.20131013 (signature 0xfbc00daa)
Number of CPUs detected in this system: 8
Turning on mult-threading, number of parallel sub-compilation jobs: 16 
Determining compilation order of HDL files
Parsing VHDL file "/home/17111178/Pucrs/LabOrg/T2A/transmissor/transmissor.vhd" into library work
Parsing VHDL file "/home/17111178/Pucrs/LabOrg/T2A/transmissor/transmissor_tb.vhd" into library work
Starting static elaboration
Completed static elaboration
Fuse Memory Usage: 95236 KB
Fuse CPU Usage: 840 ms
Compiling package standard
Compiling package std_logic_1164
Compiling architecture transmissor_arc of entity transmissor [transmissor_default]
Compiling architecture transmissor_tb of entity transmissor_tb
Time Resolution for simulation is 1ps.
Waiting for 1 sub-compilation(s) to finish...
Compiled 5 VHDL Units
Built simulation executable /home/17111178/Pucrs/LabOrg/T2A/transmissor/transmissor_tb_isim_beh.exe
Fuse Memory Usage: 1185224 KB
Fuse CPU Usage: 860 ms
GCC CPU Usage: 140 ms
