ISim log file
Running: /home/17111178/Pucrs/LabOrg/T2A/transmissor/transmissor_tb_isim_beh.exe -intstyle ise -gui -tclbatch isim.cmd -wdb /home/17111178/Pucrs/LabOrg/T2A/transmissor/transmissor_tb_isim_beh.wdb 
ISim P.20131013 (signature 0xfbc00daa)
----------------------------------------------------------------------
INFO:Security:50 - The XILINXD_LICENSE_FILE environment variable is set to '2100@kriti.inf.pucrs.br'.
INFO:Security:53 - The LM_LICENSE_FILE environment variable is not set.
WARNING:Security:43 - No license file was found in the standard Xilinx license directory.
WARNING:Security:44 - Since no license file was found,
       please run the Xilinx License Configuration Manager
       (xlcm or "Manage Xilinx Licenses")
       to assist in obtaining a license.
WARNING:Security:42 - Your software subscription period has lapsed. Your current version of Xilinx tools will continue to function, but you no longer qualify for Xilinx software updates or new releases.


----------------------------------------------------------------------
This is a Full version of ISim.
ERROR: Resolution function required for the Net /transmissor_tb/UUT/ea driven by:
/transmissor_tb/UUT//transmissor.vhd:controle
/transmissor_tb/UUT//transmissor.vhd:combinacional
Time resolution is 1 fs
# onerror resume
# wave add /
No active Database
# run 1000 ns
Unable to execute live simulation command.
